# JRE version: Java(TM) SE Runtime Environment 18.9 (11.0.10+8) (build 11.0.10+8-LTS-162)
# Java VM: Java HotSpot(TM) 64-Bit Server VM 18.9 (11.0.10+8-LTS-162, mixed mode, tiered, compressed oops, g1 gc, windows-amd64)
Heap:
 garbage-first heap   total 486400K, used 335872K [0x00000000a0000000, 0x0000000100000000)
  region size 1024K, 100 young (102400K), 17 survivors (17408K)
 Metaspace       used 95902K, capacity 102890K, committed 103168K, reserved 1138688K
  class space    used 12004K, capacity 13975K, committed 14080K, reserved 1048576K
GC Heap History (10 events):
Event: 213.634 GC heap before
{Heap before GC invocations=104 (full 0):
 garbage-first heap   total 486400K, used 293888K [0x00000000a0000000, 0x0000000100000000)
  region size 1024K, 23 young (23552K), 14 survivors (14336K)
 Metaspace       used 95391K, capacity 102460K, committed 102656K, reserved 1138688K
  class space    used 12000K, capacity 13969K, committed 14080K, reserved 1048576K
}
Event: 213.680 GC heap after
{Heap after GC invocations=105 (full 0):
 garbage-first heap   total 486400K, used 240128K [0x00000000a0000000, 0x0000000100000000)
  region size 1024K, 3 young (3072K), 3 survivors (3072K)
 Metaspace       used 95391K, capacity 102460K, committed 102656K, reserved 1138688K
  class space    used 12000K, capacity 13969K, committed 14080K, reserved 1048576K
}
Event: 214.185 GC heap before
{Heap before GC invocations=105 (full 0):
 garbage-first heap   total 486400K, used 259584K [0x00000000a0000000, 0x0000000100000000)
  region size 1024K, 23 young (23552K), 3 survivors (3072K)
 Metaspace       used 95426K, capacity 102460K, committed 102656K, reserved 1138688K
  class space    used 12000K, capacity 13969K, committed 14080K, reserved 1048576K
}
Event: 214.216 GC heap after
{Heap after GC invocations=106 (full 0):
 garbage-first heap   total 486400K, used 201216K [0x00000000a0000000, 0x0000000100000000)
  region size 1024K, 3 young (3072K), 3 survivors (3072K)
 Metaspace       used 95426K, capacity 102460K, committed 102656K, reserved 1138688K
  class space    used 12000K, capacity 13969K, committed 14080K, reserved 1048576K
}
Event: 214.706 GC heap before
{Heap before GC invocations=106 (full 0):
 garbage-first heap   total 486400K, used 221696K [0x00000000a0000000, 0x0000000100000000)
  region size 1024K, 23 young (23552K), 3 survivors (3072K)
 Metaspace       used 95507K, capacity 102527K, committed 102656K, reserved 1138688K
  class space    used 12000K, capacity 13969K, committed 14080K, reserved 1048576K
}
Event: 214.732 GC heap after
{Heap after GC invocations=107 (full 0):
 garbage-first heap   total 486400K, used 192512K [0x00000000a0000000, 0x0000000100000000)
  region size 1024K, 3 young (3072K), 3 survivors (3072K)
 Metaspace       used 95507K, capacity 102527K, committed 102656K, reserved 1138688K
  class space    used 12000K, capacity 13969K, committed 14080K, reserved 1048576K
}
Event: 216.856 GC heap before
{Heap before GC invocations=107 (full 0):
 garbage-first heap   total 486400K, used 315392K [0x00000000a0000000, 0x0000000100000000)
  region size 1024K, 123 young (125952K), 3 survivors (3072K)
 Metaspace       used 95726K, capacity 102687K, committed 102912K, reserved 1138688K
  class space    used 12003K, capacity 13973K, committed 14080K, reserved 1048576K
}
Event: 216.908 GC heap after
{Heap after GC invocations=108 (full 0):
 garbage-first heap   total 486400K, used 220672K [0x00000000a0000000, 0x0000000100000000)
  region size 1024K, 16 young (16384K), 16 survivors (16384K)
 Metaspace       used 95726K, capacity 102687K, committed 102912K, reserved 1138688K
  class space    used 12003K, capacity 13973K, committed 14080K, reserved 1048576K
}
Event: 218.006 GC heap before
{Heap before GC invocations=108 (full 0):
 garbage-first heap   total 486400K, used 340480K [0x00000000a0000000, 0x0000000100000000)
  region size 1024K, 133 young (136192K), 16 survivors (16384K)
 Metaspace       used 95855K, capacity 102881K, committed 103168K, reserved 1138688K
  class space    used 12003K, capacity 13973K, committed 14080K, reserved 1048576K
}
Event: 218.054 GC heap after
{Heap after GC invocations=109 (full 0):
 garbage-first heap   total 486400K, used 251904K [0x00000000a0000000, 0x0000000100000000)
  region size 1024K, 17 young (17408K), 17 survivors (17408K)
 Metaspace       used 95855K, capacity 102881K, committed 103168K, reserved 1138688K
  class space    used 12003K, capacity 13973K, committed 14080K, reserved 1048576K
}

